# JRE version: Java(TM) SE Runtime Environment (20.0+36) (build 20+36-2344)
# Java VM: Java HotSpot(TM) 64-Bit Server VM (20+36-2344, mixed mode, sharing, tiered, compressed oops, compressed class ptrs, g1 gc, windows-amd64)
GC Precious Log:
 CardTable entry size: 512
 Card Set container configuration: InlinePtr #cards 5 size 8 Array Of Cards #cards 12 size 40 Howl #buckets 4 coarsen threshold 1843 Howl Bitmap #cards 512 size 80 coarsen threshold 460 Card regions per heap region 1 cards per card region 2048
 CPUs: 4 total, 4 available
 Memory: 4016M
 Large Page Support: Disabled
 NUMA Support: Disabled
 Compressed Oops: Enabled (32-bit)
 Heap Region Size: 1M
 Heap Min Capacity: 8M
 Heap Initial Capacity: 64M
 Heap Max Capacity: 1006M
 Pre-touch: Disabled
 Parallel Workers: 4
 Concurrent Workers: 1
 Concurrent Refinement Workers: 4
 Periodic GC: Disabled
Heap:
 garbage-first heap   total 65536K, used 13020K [0x00000000c1200000, 0x0000000100000000)
  region size 1024K, 7 young (7168K), 4 survivors (4096K)
 Metaspace       used 18502K, committed 18880K, reserved 1114112K
  class space    used 2189K, committed 2368K, reserved 1048576K
GC Heap History (6 events):
Event: 1.292 GC heap before
{Heap before GC invocations=0 (full 0):
 garbage-first heap   total 65536K, used 13312K [0x00000000c1200000, 0x0000000100000000)
  region size 1024K, 13 young (13312K), 0 survivors (0K)
 Metaspace       used 4709K, committed 4864K, reserved 1114112K
  class space    used 487K, committed 576K, reserved 1048576K
}
Event: 1.305 GC heap after
{Heap after GC invocations=1 (full 0):
 garbage-first heap   total 65536K, used 6592K [0x00000000c1200000, 0x0000000100000000)
  region size 1024K, 2 young (2048K), 2 survivors (2048K)
 Metaspace       used 4709K, committed 4864K, reserved 1114112K
  class space    used 487K, committed 576K, reserved 1048576K
}
Event: 2.434 GC heap before
{Heap before GC invocations=1 (full 0):
 garbage-first heap   total 65536K, used 18880K [0x00000000c1200000, 0x0000000100000000)
  region size 1024K, 14 young (14336K), 2 survivors (2048K)
 Metaspace       used 7891K, committed 8192K, reserved 1114112K
  class space    used 912K, committed 1024K, reserved 1048576K
}
Event: 2.445 GC heap after
{Heap after GC invocations=2 (full 0):
 garbage-first heap   total 65536K, used 7838K [0x00000000c1200000, 0x0000000100000000)
  region size 1024K, 2 young (2048K), 2 survivors (2048K)
 Metaspace       used 7891K, committed 8192K, reserved 1114112K
  class space    used 912K, committed 1024K, reserved 1048576K
}
Event: 10.239 GC heap before
{Heap before GC invocations=2 (full 0):
 garbage-first heap   total 65536K, used 32414K [0x00000000c1200000, 0x0000000100000000)
  region size 1024K, 27 young (27648K), 2 survivors (2048K)
 Metaspace       used 17894K, committed 18304K, reserved 1114112K
  class space    used 2113K, committed 2304K, reserved 1048576K
}
Event: 10.249 GC heap after
{Heap after GC invocations=3 (full 0):
 garbage-first heap   total 65536K, used 10972K [0x00000000c1200000, 0x0000000100000000)
  region size 1024K, 4 young (4096K), 4 survivors (4096K)
 Metaspace       used 17894K, committed 18304K, reserved 1114112K
  class space    used 2113K, committed 2304K, reserved 1048576K
}

